<?xml version="1.0" encoding="UTF-8"?>
<!-- Generated by org.testng.reporters.JUnitReportReporter -->
<testsuite hostname="LAPTOP-GHCP6T0U" failures="0" tests="1" name="com.testNG.DependsUponGroups" time="0.008" errors="0" timestamp="2020-08-24T23:42:45 PDT" skipped="0">
  <testcase classname="com.testNG.DependsUponGroups" name="testcase3" time="0.008"/>
  <system-out/>
</testsuite> <!-- com.testNG.DependsUponGroups -->
