<?xml version="1.0" encoding="UTF-8"?>
<!-- Generated by org.testng.reporters.JUnitReportReporter -->
<testsuite hostname="LAPTOP-GHCP6T0U" failures="0" tests="3" name="com.testNG.SampleTestCase" time="0.012" errors="0" timestamp="2020-08-24T18:09:23 PDT" skipped="0">
  <testcase classname="com.testNG.SampleTestCase" name="testCase2" time="0.002"/>
  <system-out/>
  <testcase classname="com.testNG.SampleTestCase" name="testCase1" time="0.007"/>
  <system-out/>
  <testcase classname="com.testNG.SampleTestCase" name="testCase3" time="0.003"/>
  <system-out/>
</testsuite> <!-- com.testNG.SampleTestCase -->
