<?xml version="1.0" encoding="UTF-8"?>
<!-- Generated by org.testng.reporters.JUnitReportReporter -->
<testsuite hostname="LAPTOP-GHCP6T0U" failures="0" tests="3" name="com.testNG.ParallelExc1" time="0.010" errors="0" timestamp="2020-08-24T21:57:45 PDT" skipped="0">
  <testcase classname="com.testNG.ParallelExc1" name="testcase4" time="0.008"/>
  <system-out/>
  <testcase classname="com.testNG.ParallelExc1" name="testcase5" time="0.001"/>
  <system-out/>
  <testcase classname="com.testNG.ParallelExc1" name="testcase6" time="0.001"/>
  <system-out/>
</testsuite> <!-- com.testNG.ParallelExc1 -->
