<?xml version="1.0" encoding="UTF-8"?>
<!-- Generated by org.testng.reporters.JUnitReportReporter -->
<testsuite hostname="LAPTOP-GHCP6T0U" failures="0" tests="1" name="com.testNG.OrangeHRM" time="9.212" errors="0" timestamp="2020-08-24T22:30:28 PDT" skipped="0">
  <testcase classname="com.testNG.OrangeHRM" name="login" time="9.212"/>
  <system-out/>
</testsuite> <!-- com.testNG.OrangeHRM -->
