<?xml version="1.0" encoding="UTF-8"?>
<!-- Generated by org.testng.reporters.JUnitReportReporter -->
<testsuite hostname="LAPTOP-GHCP6T0U" failures="0" tests="3" name="com.testNG.DependsOnMethods" time="0.010" errors="0" timestamp="2020-08-24T22:49:13 PDT" skipped="0">
  <testcase classname="com.testNG.DependsOnMethods" name="search" time="0.001"/>
  <system-out/>
  <testcase classname="com.testNG.DependsOnMethods" name="login" time="0.008"/>
  <system-out/>
  <testcase classname="com.testNG.DependsOnMethods" name="logout" time="0.001"/>
  <system-out/>
</testsuite> <!-- com.testNG.DependsOnMethods -->
