<?xml version="1.0" encoding="UTF-8"?>
<!-- Generated by org.testng.reporters.JUnitReportReporter -->
<testsuite hostname="LAPTOP-GHCP6T0U" failures="0" tests="3" name="com.testNG.ParallelExec" time="0.010" errors="0" timestamp="2020-08-24T21:57:45 PDT" skipped="0">
  <testcase classname="com.testNG.ParallelExec" name="testcase3" time="0.001"/>
  <system-out/>
  <testcase classname="com.testNG.ParallelExec" name="testcase1" time="0.007"/>
  <system-out/>
  <testcase classname="com.testNG.ParallelExec" name="testcase2" time="0.002"/>
  <system-out/>
</testsuite> <!-- com.testNG.ParallelExec -->
