<?xml version="1.0" encoding="UTF-8"?>
<!-- Generated by org.testng.reporters.JUnitReportReporter -->
<testsuite hostname="LAPTOP-GHCP6T0U" failures="0" tests="3" name="com.testNG.PriorityTestcase" time="0.011" errors="0" timestamp="2020-08-24T21:32:08 PDT" skipped="0">
  <testcase classname="com.testNG.PriorityTestcase" name="testcase2" time="0.007"/>
  <system-out/>
  <testcase classname="com.testNG.PriorityTestcase" name="testcase3" time="0.002"/>
  <system-out/>
  <testcase classname="com.testNG.PriorityTestcase" name="testcase1" time="0.002"/>
  <system-out/>
</testsuite> <!-- com.testNG.PriorityTestcase -->
