<?xml version="1.0" encoding="UTF-8"?>
<!-- Generated by org.testng.reporters.JUnitReportReporter -->
<testsuite hostname="LAPTOP-GHCP6T0U" failures="0" tests="1" name="com.testNG.DragAndDrop" time="6.931" errors="0" timestamp="2020-08-25T21:44:13 PDT" skipped="0">
  <testcase classname="com.testNG.DragAndDrop" name="ActionOn" time="6.931"/>
  <system-out/>
</testsuite> <!-- com.testNG.DragAndDrop -->
